2022-03-22 10:44:24,911 INFO executing read method
2022-03-22 10:44:24,912 ERROR Error occured while opening the file
2022-03-22 10:44:24,912 ERROR error is [Errno 2] No such file or directory: 'Logs'
Traceback (most recent call last):
  File "C:\Users\ROKAYA~1\AppData\Local\Temp/ipykernel_8668/1027750495.py", line 12, in write
    f = open(self.file,'r')
FileNotFoundError: [Errno 2] No such file or directory: 'Logs'
2022-03-22 10:44:59,316 INFO executing read method
2022-03-22 10:44:59,317 ERROR Error occured while opening the file
2022-03-22 10:44:59,317 ERROR error is [Errno 2] No such file or directory: 'Logs'
Traceback (most recent call last):
  File "C:\Users\ROKAYA~1\AppData\Local\Temp/ipykernel_8668/4097198906.py", line 12, in write
    f = open(self.file,'r')
FileNotFoundError: [Errno 2] No such file or directory: 'Logs'
2022-03-22 10:44:59,754 INFO Executing write method
2022-03-22 10:46:45,172 INFO executing read method
2022-03-22 10:46:45,937 INFO Executing write method
2022-03-22 10:46:57,318 INFO executing read method
2022-03-22 10:46:57,777 INFO Executing write method
2022-03-22 10:49:48,344 INFO executing read method
2022-03-22 10:49:48,777 INFO Executing write method
2022-03-22 11:30:41,267 DEBUG pickle loaded: C:\ProgramData\Anaconda3\lib\site-packages\jedi\third_party\typeshed\stdlib\2and3\builtins.pyi
2022-03-22 11:30:41,535 DEBUG pickle loaded: C:\ProgramData\Anaconda3\lib\site-packages\jedi\third_party\typeshed\stdlib\3\sys.pyi
2022-03-22 11:30:41,761 DEBUG diff parser start
2022-03-22 11:30:41,761 DEBUG line_lengths old: 4; new: 4
2022-03-22 11:30:41,761 DEBUG -> code[equal] old[1:3] new[1:3]
2022-03-22 11:30:41,762 DEBUG copy old[1:3] new[1:3]
2022-03-22 11:30:41,762 DEBUG -> code[replace] old[4:4] new[4:4]
2022-03-22 11:30:41,762 DEBUG parse_part from 4 to 4 (to 3 in part parser)
2022-03-22 11:30:41,762 DEBUG diff parser end
2022-03-22 11:32:32,700 DEBUG diff parser start
2022-03-22 11:32:32,700 DEBUG line_lengths old: 4; new: 10
2022-03-22 11:32:32,700 DEBUG -> code[equal] old[1:1] new[1:1]
2022-03-22 11:32:32,712 DEBUG parse_part from 1 to 10 (to 9 in part parser)
2022-03-22 11:32:32,712 DEBUG -> code[replace] old[2:2] new[2:2]
2022-03-22 11:32:32,713 DEBUG -> code[equal] old[3:3] new[3:3]
2022-03-22 11:32:32,713 DEBUG -> code[replace] old[4:4] new[4:10]
2022-03-22 11:32:32,714 DEBUG diff parser end
2022-03-22 11:32:34,320 DEBUG diff parser start
2022-03-22 11:32:34,322 DEBUG line_lengths old: 10; new: 10
2022-03-22 11:32:34,323 DEBUG -> code[equal] old[1:9] new[1:9]
2022-03-22 11:32:34,323 DEBUG copy old[1:9] new[1:7]
2022-03-22 11:32:34,325 DEBUG parse_part from 8 to 8 (to 8 in part parser)
2022-03-22 11:32:34,328 DEBUG parse_part from 9 to 10 (to 9 in part parser)
2022-03-22 11:32:34,328 DEBUG -> code[replace] old[10:10] new[10:10]
2022-03-22 11:32:34,329 DEBUG diff parser end
2022-03-22 11:32:48,238 DEBUG diff parser start
2022-03-22 11:32:48,238 DEBUG line_lengths old: 10; new: 11
2022-03-22 11:32:48,238 DEBUG -> code[equal] old[1:9] new[1:9]
2022-03-22 11:32:48,238 DEBUG copy old[1:9] new[1:7]
2022-03-22 11:32:48,238 DEBUG parse_part from 8 to 8 (to 8 in part parser)
2022-03-22 11:32:48,254 DEBUG parse_part from 9 to 11 (to 10 in part parser)
2022-03-22 11:32:48,258 DEBUG -> code[replace] old[10:10] new[10:11]
2022-03-22 11:32:48,258 DEBUG diff parser end
2022-03-22 11:33:13,852 DEBUG diff parser start
2022-03-22 11:33:13,852 DEBUG line_lengths old: 11; new: 11
2022-03-22 11:33:13,852 DEBUG -> code[equal] old[1:4] new[1:4]
2022-03-22 11:33:13,852 DEBUG copy old[1:10] new[1:4]
2022-03-22 11:33:13,852 DEBUG -> code[replace] old[5:5] new[5:5]
2022-03-22 11:33:13,852 DEBUG parse_part from 5 to 5 (to 5 in part parser)
2022-03-22 11:33:13,852 DEBUG -> code[equal] old[6:10] new[6:10]
2022-03-22 11:33:13,852 DEBUG copy old[6:7] new[6:7]
2022-03-22 11:33:13,852 DEBUG parse_part from 8 to 8 (to 8 in part parser)
2022-03-22 11:33:13,852 DEBUG parse_part from 9 to 11 (to 10 in part parser)
2022-03-22 11:33:13,852 DEBUG -> code[replace] old[11:11] new[11:11]
2022-03-22 11:33:13,852 DEBUG diff parser end
2022-03-22 11:33:46,916 DEBUG diff parser start
2022-03-22 11:33:46,917 DEBUG line_lengths old: 11; new: 14
2022-03-22 11:33:46,918 DEBUG -> code[equal] old[1:10] new[1:10]
2022-03-22 11:33:46,920 DEBUG copy old[1:10] new[1:7]
2022-03-22 11:33:46,923 DEBUG parse_part from 8 to 8 (to 8 in part parser)
2022-03-22 11:33:46,932 DEBUG parse_part from 9 to 14 (to 13 in part parser)
2022-03-22 11:33:46,932 DEBUG -> code[replace] old[11:11] new[11:14]
2022-03-22 11:33:46,932 DEBUG diff parser end
2022-03-22 11:33:47,363 DEBUG pickle loaded: C:\ProgramData\Anaconda3\lib\typing.py
2022-03-22 11:33:47,472 DEBUG pickle loaded: C:\ProgramData\Anaconda3\lib\site-packages\jedi\third_party\typeshed\stdlib\3\typing.pyi
2022-03-22 11:34:08,557 DEBUG diff parser start
2022-03-22 11:34:08,557 DEBUG line_lengths old: 14; new: 17
2022-03-22 11:34:08,557 DEBUG -> code[equal] old[1:6] new[1:6]
2022-03-22 11:34:08,557 DEBUG copy old[1:13] new[1:6]
2022-03-22 11:34:08,557 DEBUG -> code[replace] old[7:7] new[7:7]
2022-03-22 11:34:08,557 DEBUG parse_part from 7 to 8 (to 8 in part parser)
2022-03-22 11:34:08,557 DEBUG -> code[equal] old[8:13] new[8:13]
2022-03-22 11:34:08,574 DEBUG parse_part from 9 to 17 (to 16 in part parser)
2022-03-22 11:34:08,574 DEBUG -> code[replace] old[14:14] new[14:17]
2022-03-22 11:34:08,574 DEBUG diff parser end
2022-03-22 11:35:16,891 DEBUG diff parser start
2022-03-22 11:35:16,907 DEBUG line_lengths old: 17; new: 1
2022-03-22 11:35:16,907 DEBUG -> code[replace] old[1:17] new[1:1]
2022-03-22 11:35:16,907 DEBUG parse_part from 1 to 1 (to 0 in part parser)
2022-03-22 11:35:16,907 DEBUG diff parser end
2022-03-22 11:35:38,073 DEBUG diff parser start
2022-03-22 11:35:38,073 DEBUG line_lengths old: 1; new: 2
2022-03-22 11:35:38,073 DEBUG -> code[replace] old[1:1] new[1:2]
2022-03-22 11:35:38,073 DEBUG parse_part from 1 to 3 (to 1 in part parser)
2022-03-22 11:35:38,073 DEBUG diff parser end
2022-03-22 11:35:42,265 DEBUG diff parser start
2022-03-22 11:35:42,265 DEBUG line_lengths old: 2; new: 2
2022-03-22 11:35:42,265 DEBUG -> code[equal] old[1:1] new[1:1]
2022-03-22 11:35:42,281 DEBUG copy old[1:1] new[1:1]
2022-03-22 11:35:42,281 DEBUG -> code[replace] old[2:2] new[2:2]
2022-03-22 11:35:42,281 DEBUG parse_part from 2 to 2 (to 1 in part parser)
2022-03-22 11:35:42,281 DEBUG diff parser end
2022-03-22 11:35:56,543 DEBUG diff parser start
2022-03-22 11:35:56,558 DEBUG line_lengths old: 2; new: 3
2022-03-22 11:35:56,558 DEBUG -> code[equal] old[1:1] new[1:1]
2022-03-22 11:35:56,558 DEBUG copy old[1:1] new[1:1]
2022-03-22 11:35:56,558 DEBUG -> code[replace] old[2:2] new[2:3]
2022-03-22 11:35:56,558 DEBUG parse_part from 2 to 3 (to 2 in part parser)
2022-03-22 11:35:56,558 DEBUG diff parser end
2022-03-22 11:37:03,263 DEBUG diff parser start
2022-03-22 11:37:03,263 DEBUG line_lengths old: 3; new: 1
2022-03-22 11:37:03,263 DEBUG -> code[replace] old[1:3] new[1:1]
2022-03-22 11:37:03,279 DEBUG parse_part from 1 to 1 (to 0 in part parser)
2022-03-22 11:37:03,279 DEBUG diff parser end
2022-03-22 11:41:17,122 DEBUG diff parser start
2022-03-22 11:41:17,138 DEBUG line_lengths old: 1; new: 1
2022-03-22 11:41:17,138 DEBUG -> code[replace] old[1:1] new[1:1]
2022-03-22 11:41:17,138 DEBUG parse_part from 1 to 1 (to 0 in part parser)
2022-03-22 11:41:17,138 DEBUG diff parser end
2022-03-22 11:41:36,234 DEBUG diff parser start
2022-03-22 11:41:36,234 DEBUG line_lengths old: 1; new: 1
2022-03-22 11:41:36,234 DEBUG -> code[replace] old[1:1] new[1:1]
2022-03-22 11:41:36,234 DEBUG parse_part from 1 to 1 (to 0 in part parser)
2022-03-22 11:41:36,234 DEBUG diff parser end
2022-03-22 11:47:37,070 DEBUG diff parser start
2022-03-22 11:47:37,070 DEBUG line_lengths old: 1; new: 1
2022-03-22 11:47:37,070 DEBUG -> code[replace] old[1:1] new[1:1]
2022-03-22 11:47:37,086 DEBUG parse_part from 1 to 1 (to 0 in part parser)
2022-03-22 11:47:37,086 DEBUG diff parser end
2022-03-22 11:47:57,556 DEBUG diff parser start
2022-03-22 11:47:57,556 DEBUG line_lengths old: 1; new: 1
2022-03-22 11:47:57,556 DEBUG -> code[replace] old[1:1] new[1:1]
2022-03-22 11:47:57,556 DEBUG parse_part from 1 to 1 (to 0 in part parser)
2022-03-22 11:47:57,556 DEBUG diff parser end
